<?xml version="1.0" encoding="UTF-8"?>
<!-- Generated by org.testng.reporters.JUnitXMLReporter -->
<testsuite ignored="0" hostname="LIN25008829" failures="0" tests="2" name="EdgeTest" time="14.75" errors="0" timestamp="2025-02-21T19:59:46 IST">
  <testcase classname="testcases.TC001_AccountRegistractionTest" name="Navigation_to_RegistrationPage" time="1.541"/>
  <testcase classname="testcases.TC001_AccountRegistractionTest" name="AccountRegistration" time="5.941"/>
</testsuite> <!-- EdgeTest -->
